
============================================================
Сессия логирования начата: 09:22:53
============================================================

[09:22:53][INFO] === ЗАПУСК ПРИЛОЖЕНИЯ ===
[09:22:53][INFO] Система инициализирована, готово к работе
[09:22:53][INFO] Тестовые учетные записи: admin/admin123, user/user123
[09:22:53][INFO] Логирование в файл logs/application.log
[09:23:06][INFO] Попытка входа пользователя: admin
[09:23:06][INFO] Успешный вход пользователя: admin
[09:23:18][INFO] Очистка существующих задач перед добавлением тестового набора
[09:23:18][INFO] Добавление тестовых задач
[09:23:18][INFO] Тестовые задачи добавлены
[09:23:18][INFO] Система гарантированно планируема: 56,000000% < или = 77,976315%
[09:23:26][INFO] Запуск симуляции на 100 тиков
[09:24:07][INFO] Пользовательская задача добавлена: Notebook (P=75, WCET=5, D=75)
[09:24:07][INFO] Добавление пользовательской задачи
[09:24:22][INFO] Запуск симуляции на 100 тиков
[09:24:40][INFO] Сценарий сгенерирован: тип=1, утилизация=55,000000%
[09:24:56][INFO] Сценарий сгенерирован: тип=2, утилизация=62,500000%
[09:25:10][INFO] Сценарий сгенерирован: тип=3, утилизация=76,000000%
[09:25:26][INFO] Сценарий сгенерирован: тип=4, утилизация=163,333333%
[09:25:41][INFO] Сценарий сгенерирован: тип=5, утилизация=82,000000%
[09:28:30][INFO] === НАЧАЛО ВСЕХ ЮНИТ-ТЕСТОВ ===
[09:28:30][INFO] Запуск теста 1: Проверка теоремы Liu & Layland
[09:28:30][INFO] Запуск теста 2: Граничный случай планируемости
[09:28:30][INFO] Запуск теста 3: Очевидная непланируемость (перегрузка)
[09:28:30][INFO] Запуск теста 4: Проверка приоритетов RMS
[09:28:30][INFO] Запуск теста 5: Проверка пропуска дедлайнов
[09:28:30][INFO] Запуск теста 6: Управление задачами
[09:28:30][INFO] Все юнит-тесты пройдены успешно: 6/6
[09:28:50][INFO] Попытка входа пользователя: user
[09:28:50][INFO] Успешный вход пользователя: user
[09:29:12][INFO] Планировщик сброшен пользователем
[09:29:19][INFO] Пользователь вышел из системы
[09:29:22][INFO] Завершение работы приложения
[09:29:22][INFO] Приложение завершено

============================================================
Сессия логирования начата: 09:29:51
============================================================

[09:29:51][INFO] === ЗАПУСК ПРИЛОЖЕНИЯ ===
[09:29:51][INFO] Система инициализирована, готово к работе
[09:29:51][INFO] Тестовые учетные записи: admin/admin123, user/user123
[09:29:51][INFO] Логирование в файл logs/application.log
[09:30:01][INFO] Попытка входа пользователя: user
[09:30:01][INFO] Успешный вход пользователя: user
[09:30:03][INFO] Пользователь вышел из системы
[09:30:10][INFO] Попытка входа пользователя: admin
[09:30:10][INFO] Успешный вход пользователя: admin
[09:30:15][INFO] Завершение работы приложения
[09:30:15][INFO] Приложение завершено
