
============================================================
Сессия логирования начата: 09:22:53
============================================================

[09:22:53][INFO] Планировщик RMS инициализирован
[09:23:18][INFO] Сброс планировщика
[09:23:18][INFO] Задача добавлена: Системный монитор (P=15, WCET=3, D=15)
[09:23:18][INFO] Задача добавлена: Сбор данных (P=20, WCET=4, D=20)
[09:23:18][INFO] Задача добавлена: Сетевая связь (P=50, WCET=8, D=50)
[09:23:18][INFO] Таблица задач выведена, всего задач: 3
============================================================
  НАЧАЛО СИМУЛЯЦИИ RMS ПЛАНИРОВЩИКА
============================================================
[09:23:26][INFO] Длительность симуляции: 100 тиков
[09:23:26][INFO] Количество задач: 3
[09:23:26][INFO] Симуляция сброшена для нового запуска
[09:23:28][INFO] === СИМУЛЯЦИЯ ЗАВЕРШЕНА ===
[09:23:30][INFO] Экспорт CSV завершён: logs/simulation_20260611_092330.csv
[09:24:07][INFO] Задача добавлена: Notebook (P=75, WCET=5, D=75)
============================================================
  НАЧАЛО СИМУЛЯЦИИ RMS ПЛАНИРОВЩИКА
============================================================
[09:24:22][INFO] Длительность симуляции: 100 тиков
[09:24:22][INFO] Количество задач: 4
[09:24:22][INFO] Симуляция сброшена для нового запуска
[09:24:25][INFO] === СИМУЛЯЦИЯ ЗАВЕРШЕНА ===
[09:24:27][INFO] Экспорт CSV завершён: logs/simulation_20260611_092427.csv
[09:24:40][INFO] Сброс планировщика
[09:24:40][INFO] Задача добавлена: Высокоприоритетная (P=10, WCET=3, D=10)
[09:24:40][INFO] Задача добавлена: Средний приоритет (P=20, WCET=3, D=20)
[09:24:40][INFO] Задача добавлена: Низкий приоритет (P=50, WCET=5, D=50)
[09:24:40][INFO] Таблица задач выведена, всего задач: 3
============================================================
  НАЧАЛО СИМУЛЯЦИИ RMS ПЛАНИРОВЩИКА
============================================================
[09:24:40][INFO] Длительность симуляции: 500 тиков
[09:24:40][INFO] Количество задач: 3
[09:24:40][INFO] Симуляция сброшена для нового запуска
[09:24:55][INFO] === СИМУЛЯЦИЯ ЗАВЕРШЕНА ===
[09:24:55][INFO] Экспорт CSV завершён: logs/scenario_1_20260611_092455.csv
[09:24:56][INFO] Сброс планировщика
[09:24:56][INFO] Задача добавлена: Контроллер (P=100, WCET=25, D=100)
[09:24:56][INFO] Задача добавлена: Датчик температуры (P=200, WCET=35, D=200)
[09:24:56][INFO] Задача добавлена: Сетевая связь (P=500, WCET=55, D=500)
[09:24:56][INFO] Задача добавлена: Логирование (P=1000, WCET=90, D=1000)
[09:24:56][INFO] Таблица задач выведена, всего задач: 4
============================================================
  НАЧАЛО СИМУЛЯЦИИ RMS ПЛАНИРОВЩИКА
============================================================
[09:24:56][INFO] Длительность симуляции: 500 тиков
[09:24:56][INFO] Количество задач: 4
[09:24:56][INFO] Симуляция сброшена для нового запуска
[09:25:10][INFO] === СИМУЛЯЦИЯ ЗАВЕРШЕНА ===
[09:25:10][INFO] Экспорт CSV завершён: logs/scenario_2_20260611_092510.csv
[09:25:10][INFO] Сброс планировщика
[09:25:10][INFO] Задача добавлена: Критическая задача (P=10, WCET=4, D=10)
[09:25:10][INFO] Задача добавлена: Важная задача (P=20, WCET=4, D=20)
[09:25:10][INFO] Задача добавлена: Фоновая задача (P=50, WCET=8, D=50)
[09:25:10][INFO] Таблица задач выведена, всего задач: 3
============================================================
  НАЧАЛО СИМУЛЯЦИИ RMS ПЛАНИРОВЩИКА
============================================================
[09:25:10][INFO] Длительность симуляции: 500 тиков
[09:25:10][INFO] Количество задач: 3
[09:25:10][INFO] Симуляция сброшена для нового запуска
[09:25:26][INFO] === СИМУЛЯЦИЯ ЗАВЕРШЕНА ===
[09:25:26][INFO] Экспорт CSV завершён: logs/scenario_3_20260611_092526.csv
[09:25:26][INFO] Сброс планировщика
[09:25:26][INFO] Задача добавлена: Быстрый контроль (P=5, WCET=3, D=5)
[09:25:26][INFO] Задача добавлена: Обработка данных (P=10, WCET=4, D=10)
[09:25:26][INFO] Задача добавлена: Связь (P=15, WCET=5, D=15)
[09:25:26][INFO] Задача добавлена: Логирование (P=20, WCET=6, D=20)
[09:25:26][INFO] Таблица задач выведена, всего задач: 4
============================================================
  НАЧАЛО СИМУЛЯЦИИ RMS ПЛАНИРОВЩИКА
============================================================
[09:25:26][INFO] Длительность симуляции: 500 тиков
[09:25:26][INFO] Количество задач: 4
[09:25:26][INFO] Симуляция сброшена для нового запуска
[09:25:41][INFO] === СИМУЛЯЦИЯ ЗАВЕРШЕНА ===
[09:25:41][INFO] Экспорт CSV завершён: logs/scenario_4_20260611_092541.csv
[09:25:41][INFO] Сброс планировщика
[09:25:41][INFO] Задача добавлена: PID регулятор (P=10, WCET=3, D=10)
[09:25:41][INFO] Задача добавлена: Опрос датчиков (P=20, WCET=5, D=20)
[09:25:41][INFO] Задача добавлена: Обмен по UART (P=100, WCET=12, D=100)
[09:25:41][INFO] Задача добавлена: Индикация (P=200, WCET=18, D=200)
[09:25:41][INFO] Задача добавлена: Диагностика (P=1000, WCET=60, D=1000)
[09:25:41][INFO] Таблица задач выведена, всего задач: 5
============================================================
  НАЧАЛО СИМУЛЯЦИИ RMS ПЛАНИРОВЩИКА
============================================================
[09:25:41][INFO] Длительность симуляции: 500 тиков
[09:25:41][INFO] Количество задач: 5
[09:25:41][INFO] Симуляция сброшена для нового запуска
[09:25:58][INFO] === СИМУЛЯЦИЯ ЗАВЕРШЕНА ===
[09:25:58][INFO] Экспорт CSV завершён: logs/scenario_5_20260611_092558.csv

============================================================
Сессия логирования начата: 09:28:30
============================================================

[09:28:30][INFO] Планировщик RMS инициализирован
[09:28:30][INFO] Задача добавлена: T1 (P=6, WCET=2, D=6)
[09:28:30][INFO] Задача добавлена: T2 (P=8, WCET=2, D=8)
[09:28:30][INFO] Задача добавлена: T3 (P=12, WCET=3, D=12)

============================================================
Сессия логирования начата: 09:28:30
============================================================

[09:28:30][INFO] Планировщик RMS инициализирован
[09:28:30][INFO] Задача добавлена: T1 (P=10, WCET=4, D=10)
[09:28:30][INFO] Задача добавлена: T2 (P=20, WCET=4, D=20)
[09:28:30][INFO] Задача добавлена: T3 (P=50, WCET=8, D=50)

============================================================
Сессия логирования начата: 09:28:30
============================================================

[09:28:30][INFO] Планировщик RMS инициализирован
[09:28:30][INFO] Задача добавлена: T1 (P=5, WCET=4, D=5)
[09:28:30][INFO] Задача добавлена: T2 (P=10, WCET=8, D=10)

============================================================
Сессия логирования начата: 09:28:30
============================================================

[09:28:30][INFO] Планировщик RMS инициализирован
[09:28:30][INFO] Задача добавлена: Быстрая (P=5, WCET=1, D=5)
[09:28:30][INFO] Задача добавлена: Средняя (P=10, WCET=2, D=10)
[09:28:30][INFO] Задача добавлена: Медленная (P=20, WCET=4, D=20)

============================================================
Сессия логирования начата: 09:28:30
============================================================

[09:28:30][INFO] Планировщик RMS инициализирован
[09:28:30][INFO] Задача добавлена: T1 (P=10, WCET=6, D=10)
[09:28:30][INFO] Задача добавлена: T2 (P=15, WCET=6, D=15)
[09:28:30][INFO] Сброс планировщика

============================================================
Сессия логирования начата: 09:28:30
============================================================

[09:28:30][INFO] Планировщик RMS инициализирован
[09:28:30][INFO] Задача добавлена: Test1 (P=10, WCET=2, D=10)
[09:28:30][INFO] Задача добавлена: Test2 (P=20, WCET=4, D=20)
[09:28:30][INFO] Задача добавлена: Test3 (P=30, WCET=6, D=30)
[09:28:30][WARNING] Задача с именем 'Test1' уже существует
[09:28:30][ERROR] Некорректное имя задачи: 
[09:28:30][ERROR] Некорректные временные параметры для задачи: Bad
[09:28:30][ERROR] Некорректные временные параметры для задачи: Bad2
[09:28:30][ERROR] Некорректный дедлайн для задачи: Bad3
[09:28:55][INFO] Статистика планировщика: min=0us, max=438us, avg=5,284000us
[09:28:55][INFO] СТАТИСТИКА ВЫПОЛНЕНИЯ
[09:28:55][INFO] Общее время симуляции: 500мс
[09:28:55][INFO] Переключения контекста: 123
[09:28:55][INFO] Пропущенные дедлайны: 0
[09:28:55][INFO] Утилизация CPU: 82,000000%
[09:28:55][INFO] Граница Liu & Layland: 74,349177%
[09:28:55][WARNING] Утилизация превышает границу Liu & Layland
[09:28:55][INFO] Время простоя: 174мс (34,800000%)
[09:28:55][INFO] Общая утилизация CPU: 82,000000%
[09:29:12][INFO] Сброс планировщика

============================================================
Сессия логирования начата: 09:29:51
============================================================

[09:29:51][INFO] Планировщик RMS инициализирован
